<?xml version="1.0" encoding="UTF-8"?>
<testsuite name="Tests3" tests="2" skipped="0" failures="0" errors="0" timestamp="2021-04-23T21:22:49" hostname="en4129759m.local" time="0.0">
  <properties/>
  <testcase name="equal2" classname="Tests3" time="0.0"/>
  <testcase name="equal" classname="Tests3" time="0.0"/>
  <system-out><![CDATA[]]></system-out>
  <system-err><![CDATA[]]></system-err>
</testsuite>
